CRITICAL - 2024-11-30 05:18:31 --> ErrorException: Undefined array key "username"
[Method: GET, Route: adminhome]
in APPPATH\Views\shared\navegation_admin.php on line 6.
 1 APPPATH\Views\shared\navegation_admin.php(6): CodeIgniter\Debug\Exceptions->errorHandler(2, 'Undefined array key "username"', 'C:\\xampp\\ISW-613-MyTrees2\\app\\Views\\shared\\navegation_admin.php', 6)
 2 SYSTEMPATH\View\View.php(234): include('C:\\xampp\\ISW-613-MyTrees2\\app\\Views\\shared\\navegation_admin.php')
 3 SYSTEMPATH\View\View.php(237): CodeIgniter\View\View->CodeIgniter\View\{closure}()
 4 SYSTEMPATH\Common.php(1171): CodeIgniter\View\View->render('shared/navegation_admin', [], true)
 5 APPPATH\Controllers\Admin.php(41): view('shared/navegation_admin', [...])
 6 SYSTEMPATH\CodeIgniter.php(933): App\Controllers\Admin->indexHome()
 7 SYSTEMPATH\CodeIgniter.php(509): CodeIgniter\CodeIgniter->runController(Object(App\Controllers\Admin))
 8 SYSTEMPATH\CodeIgniter.php(355): CodeIgniter\CodeIgniter->handleRequest(null, Object(Config\Cache), false)
 9 SYSTEMPATH\Boot.php(325): CodeIgniter\CodeIgniter->run()
10 SYSTEMPATH\Boot.php(67): CodeIgniter\Boot::runCodeIgniter(Object(CodeIgniter\CodeIgniter))
11 FCPATH\index.php(56): CodeIgniter\Boot::bootWeb(Object(Config\Paths))
CRITICAL - 2024-11-30 05:18:33 --> ErrorException: Undefined array key "username"
[Method: GET, Route: adminhome]
in APPPATH\Views\shared\navegation_admin.php on line 6.
 1 APPPATH\Views\shared\navegation_admin.php(6): CodeIgniter\Debug\Exceptions->errorHandler(2, 'Undefined array key "username"', 'C:\\xampp\\ISW-613-MyTrees2\\app\\Views\\shared\\navegation_admin.php', 6)
 2 SYSTEMPATH\View\View.php(234): include('C:\\xampp\\ISW-613-MyTrees2\\app\\Views\\shared\\navegation_admin.php')
 3 SYSTEMPATH\View\View.php(237): CodeIgniter\View\View->CodeIgniter\View\{closure}()
 4 SYSTEMPATH\Common.php(1171): CodeIgniter\View\View->render('shared/navegation_admin', [], true)
 5 APPPATH\Controllers\Admin.php(41): view('shared/navegation_admin', [...])
 6 SYSTEMPATH\CodeIgniter.php(933): App\Controllers\Admin->indexHome()
 7 SYSTEMPATH\CodeIgniter.php(509): CodeIgniter\CodeIgniter->runController(Object(App\Controllers\Admin))
 8 SYSTEMPATH\CodeIgniter.php(355): CodeIgniter\CodeIgniter->handleRequest(null, Object(Config\Cache), false)
 9 SYSTEMPATH\Boot.php(325): CodeIgniter\CodeIgniter->run()
10 SYSTEMPATH\Boot.php(67): CodeIgniter\Boot::runCodeIgniter(Object(CodeIgniter\CodeIgniter))
11 FCPATH\index.php(56): CodeIgniter\Boot::bootWeb(Object(Config\Paths))
CRITICAL - 2024-11-30 05:18:35 --> ErrorException: Undefined array key "username"
[Method: GET, Route: adminhome]
in APPPATH\Views\shared\navegation_admin.php on line 6.
 1 APPPATH\Views\shared\navegation_admin.php(6): CodeIgniter\Debug\Exceptions->errorHandler(2, 'Undefined array key "username"', 'C:\\xampp\\ISW-613-MyTrees2\\app\\Views\\shared\\navegation_admin.php', 6)
 2 SYSTEMPATH\View\View.php(234): include('C:\\xampp\\ISW-613-MyTrees2\\app\\Views\\shared\\navegation_admin.php')
 3 SYSTEMPATH\View\View.php(237): CodeIgniter\View\View->CodeIgniter\View\{closure}()
 4 SYSTEMPATH\Common.php(1171): CodeIgniter\View\View->render('shared/navegation_admin', [], true)
 5 APPPATH\Controllers\Admin.php(41): view('shared/navegation_admin', [...])
 6 SYSTEMPATH\CodeIgniter.php(933): App\Controllers\Admin->indexHome()
 7 SYSTEMPATH\CodeIgniter.php(509): CodeIgniter\CodeIgniter->runController(Object(App\Controllers\Admin))
 8 SYSTEMPATH\CodeIgniter.php(355): CodeIgniter\CodeIgniter->handleRequest(null, Object(Config\Cache), false)
 9 SYSTEMPATH\Boot.php(325): CodeIgniter\CodeIgniter->run()
10 SYSTEMPATH\Boot.php(67): CodeIgniter\Boot::runCodeIgniter(Object(CodeIgniter\CodeIgniter))
11 FCPATH\index.php(56): CodeIgniter\Boot::bootWeb(Object(Config\Paths))
CRITICAL - 2024-11-30 05:18:36 --> ErrorException: Undefined array key "username"
[Method: GET, Route: adminhome]
in APPPATH\Views\shared\navegation_admin.php on line 6.
 1 APPPATH\Views\shared\navegation_admin.php(6): CodeIgniter\Debug\Exceptions->errorHandler(2, 'Undefined array key "username"', 'C:\\xampp\\ISW-613-MyTrees2\\app\\Views\\shared\\navegation_admin.php', 6)
 2 SYSTEMPATH\View\View.php(234): include('C:\\xampp\\ISW-613-MyTrees2\\app\\Views\\shared\\navegation_admin.php')
 3 SYSTEMPATH\View\View.php(237): CodeIgniter\View\View->CodeIgniter\View\{closure}()
 4 SYSTEMPATH\Common.php(1171): CodeIgniter\View\View->render('shared/navegation_admin', [], true)
 5 APPPATH\Controllers\Admin.php(41): view('shared/navegation_admin', [...])
 6 SYSTEMPATH\CodeIgniter.php(933): App\Controllers\Admin->indexHome()
 7 SYSTEMPATH\CodeIgniter.php(509): CodeIgniter\CodeIgniter->runController(Object(App\Controllers\Admin))
 8 SYSTEMPATH\CodeIgniter.php(355): CodeIgniter\CodeIgniter->handleRequest(null, Object(Config\Cache), false)
 9 SYSTEMPATH\Boot.php(325): CodeIgniter\CodeIgniter->run()
10 SYSTEMPATH\Boot.php(67): CodeIgniter\Boot::runCodeIgniter(Object(CodeIgniter\CodeIgniter))
11 FCPATH\index.php(56): CodeIgniter\Boot::bootWeb(Object(Config\Paths))
CRITICAL - 2024-11-30 05:18:40 --> ErrorException: Undefined array key "username"
[Method: GET, Route: adminhome]
in APPPATH\Views\shared\navegation_admin.php on line 6.
 1 APPPATH\Views\shared\navegation_admin.php(6): CodeIgniter\Debug\Exceptions->errorHandler(2, 'Undefined array key "username"', 'C:\\xampp\\ISW-613-MyTrees2\\app\\Views\\shared\\navegation_admin.php', 6)
 2 SYSTEMPATH\View\View.php(234): include('C:\\xampp\\ISW-613-MyTrees2\\app\\Views\\shared\\navegation_admin.php')
 3 SYSTEMPATH\View\View.php(237): CodeIgniter\View\View->CodeIgniter\View\{closure}()
 4 SYSTEMPATH\Common.php(1171): CodeIgniter\View\View->render('shared/navegation_admin', [], true)
 5 APPPATH\Controllers\Admin.php(41): view('shared/navegation_admin', [...])
 6 SYSTEMPATH\CodeIgniter.php(933): App\Controllers\Admin->indexHome()
 7 SYSTEMPATH\CodeIgniter.php(509): CodeIgniter\CodeIgniter->runController(Object(App\Controllers\Admin))
 8 SYSTEMPATH\CodeIgniter.php(355): CodeIgniter\CodeIgniter->handleRequest(null, Object(Config\Cache), false)
 9 SYSTEMPATH\Boot.php(325): CodeIgniter\CodeIgniter->run()
10 SYSTEMPATH\Boot.php(67): CodeIgniter\Boot::runCodeIgniter(Object(CodeIgniter\CodeIgniter))
11 FCPATH\index.php(56): CodeIgniter\Boot::bootWeb(Object(Config\Paths))
CRITICAL - 2024-11-30 05:18:45 --> ErrorException: Undefined array key "username"
[Method: GET, Route: adminhome]
in APPPATH\Views\shared\navegation_admin.php on line 6.
 1 APPPATH\Views\shared\navegation_admin.php(6): CodeIgniter\Debug\Exceptions->errorHandler(2, 'Undefined array key "username"', 'C:\\xampp\\ISW-613-MyTrees2\\app\\Views\\shared\\navegation_admin.php', 6)
 2 SYSTEMPATH\View\View.php(234): include('C:\\xampp\\ISW-613-MyTrees2\\app\\Views\\shared\\navegation_admin.php')
 3 SYSTEMPATH\View\View.php(237): CodeIgniter\View\View->CodeIgniter\View\{closure}()
 4 SYSTEMPATH\Common.php(1171): CodeIgniter\View\View->render('shared/navegation_admin', [], true)
 5 APPPATH\Controllers\Admin.php(41): view('shared/navegation_admin', [...])
 6 SYSTEMPATH\CodeIgniter.php(933): App\Controllers\Admin->indexHome()
 7 SYSTEMPATH\CodeIgniter.php(509): CodeIgniter\CodeIgniter->runController(Object(App\Controllers\Admin))
 8 SYSTEMPATH\CodeIgniter.php(355): CodeIgniter\CodeIgniter->handleRequest(null, Object(Config\Cache), false)
 9 SYSTEMPATH\Boot.php(325): CodeIgniter\CodeIgniter->run()
10 SYSTEMPATH\Boot.php(67): CodeIgniter\Boot::runCodeIgniter(Object(CodeIgniter\CodeIgniter))
11 FCPATH\index.php(56): CodeIgniter\Boot::bootWeb(Object(Config\Paths))
CRITICAL - 2024-11-30 05:18:47 --> ErrorException: Undefined array key "username"
[Method: GET, Route: adminhome]
in APPPATH\Views\shared\navegation_admin.php on line 6.
 1 APPPATH\Views\shared\navegation_admin.php(6): CodeIgniter\Debug\Exceptions->errorHandler(2, 'Undefined array key "username"', 'C:\\xampp\\ISW-613-MyTrees2\\app\\Views\\shared\\navegation_admin.php', 6)
 2 SYSTEMPATH\View\View.php(234): include('C:\\xampp\\ISW-613-MyTrees2\\app\\Views\\shared\\navegation_admin.php')
 3 SYSTEMPATH\View\View.php(237): CodeIgniter\View\View->CodeIgniter\View\{closure}()
 4 SYSTEMPATH\Common.php(1171): CodeIgniter\View\View->render('shared/navegation_admin', [], true)
 5 APPPATH\Controllers\Admin.php(41): view('shared/navegation_admin', [...])
 6 SYSTEMPATH\CodeIgniter.php(933): App\Controllers\Admin->indexHome()
 7 SYSTEMPATH\CodeIgniter.php(509): CodeIgniter\CodeIgniter->runController(Object(App\Controllers\Admin))
 8 SYSTEMPATH\CodeIgniter.php(355): CodeIgniter\CodeIgniter->handleRequest(null, Object(Config\Cache), false)
 9 SYSTEMPATH\Boot.php(325): CodeIgniter\CodeIgniter->run()
10 SYSTEMPATH\Boot.php(67): CodeIgniter\Boot::runCodeIgniter(Object(CodeIgniter\CodeIgniter))
11 FCPATH\index.php(56): CodeIgniter\Boot::bootWeb(Object(Config\Paths))
CRITICAL - 2024-11-30 05:39:34 --> ErrorException: Undefined variable $specie
[Method: GET, Route: managetrees]
in APPPATH\Views\admin\manageTrees.php on line 74.
 1 APPPATH\Views\admin\manageTrees.php(74): CodeIgniter\Debug\Exceptions->errorHandler(2, 'Undefined variable $specie', 'C:\\xampp\\ISW-613-MyTrees2\\app\\Views\\admin\\manageTrees.php', 74)
 2 SYSTEMPATH\View\View.php(234): include('C:\\xampp\\ISW-613-MyTrees2\\app\\Views\\admin\\manageTrees.php')
 3 SYSTEMPATH\View\View.php(237): CodeIgniter\View\View->CodeIgniter\View\{closure}()
 4 SYSTEMPATH\Common.php(1171): CodeIgniter\View\View->render('admin/manageTrees', [], true)
 5 APPPATH\Controllers\Admin.php(276): view('admin/manageTrees', [...])
 6 SYSTEMPATH\CodeIgniter.php(933): App\Controllers\Admin->indexManageTrees()
 7 SYSTEMPATH\CodeIgniter.php(509): CodeIgniter\CodeIgniter->runController(Object(App\Controllers\Admin))
 8 SYSTEMPATH\CodeIgniter.php(355): CodeIgniter\CodeIgniter->handleRequest(null, Object(Config\Cache), false)
 9 SYSTEMPATH\Boot.php(325): CodeIgniter\CodeIgniter->run()
10 SYSTEMPATH\Boot.php(67): CodeIgniter\Boot::runCodeIgniter(Object(CodeIgniter\CodeIgniter))
11 FCPATH\index.php(56): CodeIgniter\Boot::bootWeb(Object(Config\Paths))
CRITICAL - 2024-11-30 05:59:19 --> ErrorException: Undefined variable $species
[Method: GET, Route: addtree]
in APPPATH\Views\admin\addTree.php on line 33.
 1 APPPATH\Views\admin\addTree.php(33): CodeIgniter\Debug\Exceptions->errorHandler(2, 'Undefined variable $species', 'C:\\xampp\\ISW-613-MyTrees2\\app\\Views\\admin\\addTree.php', 33)
 2 SYSTEMPATH\View\View.php(234): include('C:\\xampp\\ISW-613-MyTrees2\\app\\Views\\admin\\addTree.php')
 3 SYSTEMPATH\View\View.php(237): CodeIgniter\View\View->CodeIgniter\View\{closure}()
 4 SYSTEMPATH\Common.php(1171): CodeIgniter\View\View->render('admin/addTree', [], true)
 5 APPPATH\Controllers\Admin.php(288): view('admin/addTree')
 6 SYSTEMPATH\CodeIgniter.php(933): App\Controllers\Admin->indexAddTree()
 7 SYSTEMPATH\CodeIgniter.php(509): CodeIgniter\CodeIgniter->runController(Object(App\Controllers\Admin))
 8 SYSTEMPATH\CodeIgniter.php(355): CodeIgniter\CodeIgniter->handleRequest(null, Object(Config\Cache), false)
 9 SYSTEMPATH\Boot.php(325): CodeIgniter\CodeIgniter->run()
10 SYSTEMPATH\Boot.php(67): CodeIgniter\Boot::runCodeIgniter(Object(CodeIgniter\CodeIgniter))
11 FCPATH\index.php(56): CodeIgniter\Boot::bootWeb(Object(Config\Paths))
CRITICAL - 2024-11-30 06:50:54 --> ErrorException: Undefined variable $species
[Method: GET, Route: updatetree]
in APPPATH\Views\admin\updateTree.php on line 29.
 1 APPPATH\Views\admin\updateTree.php(29): CodeIgniter\Debug\Exceptions->errorHandler(2, 'Undefined variable $species', 'C:\\xampp\\ISW-613-MyTrees2\\app\\Views\\admin\\updateTree.php', 29)
 2 SYSTEMPATH\View\View.php(234): include('C:\\xampp\\ISW-613-MyTrees2\\app\\Views\\admin\\updateTree.php')
 3 SYSTEMPATH\View\View.php(237): CodeIgniter\View\View->CodeIgniter\View\{closure}()
 4 SYSTEMPATH\Common.php(1171): CodeIgniter\View\View->render('admin/updateTree', [], true)
 5 APPPATH\Controllers\Admin.php(372): view('admin/updateTree', [...])
 6 SYSTEMPATH\CodeIgniter.php(933): App\Controllers\Admin->indexUpdateTree()
 7 SYSTEMPATH\CodeIgniter.php(509): CodeIgniter\CodeIgniter->runController(Object(App\Controllers\Admin))
 8 SYSTEMPATH\CodeIgniter.php(355): CodeIgniter\CodeIgniter->handleRequest(null, Object(Config\Cache), false)
 9 SYSTEMPATH\Boot.php(325): CodeIgniter\CodeIgniter->run()
10 SYSTEMPATH\Boot.php(67): CodeIgniter\Boot::runCodeIgniter(Object(CodeIgniter\CodeIgniter))
11 FCPATH\index.php(56): CodeIgniter\Boot::bootWeb(Object(Config\Paths))
CRITICAL - 2024-11-30 06:54:59 --> ErrorException: Undefined array key "Status"
[Method: GET, Route: updatetree]
in APPPATH\Views\admin\updateTree.php on line 61.
 1 APPPATH\Views\admin\updateTree.php(61): CodeIgniter\Debug\Exceptions->errorHandler(2, 'Undefined array key "Status"', 'C:\\xampp\\ISW-613-MyTrees2\\app\\Views\\admin\\updateTree.php', 61)
 2 SYSTEMPATH\View\View.php(234): include('C:\\xampp\\ISW-613-MyTrees2\\app\\Views\\admin\\updateTree.php')
 3 SYSTEMPATH\View\View.php(237): CodeIgniter\View\View->CodeIgniter\View\{closure}()
 4 SYSTEMPATH\Common.php(1171): CodeIgniter\View\View->render('admin/updateTree', [], true)
 5 APPPATH\Controllers\Admin.php(381): view('admin/updateTree', [...])
 6 SYSTEMPATH\CodeIgniter.php(933): App\Controllers\Admin->indexUpdateTree()
 7 SYSTEMPATH\CodeIgniter.php(509): CodeIgniter\CodeIgniter->runController(Object(App\Controllers\Admin))
 8 SYSTEMPATH\CodeIgniter.php(355): CodeIgniter\CodeIgniter->handleRequest(null, Object(Config\Cache), false)
 9 SYSTEMPATH\Boot.php(325): CodeIgniter\CodeIgniter->run()
10 SYSTEMPATH\Boot.php(67): CodeIgniter\Boot::runCodeIgniter(Object(CodeIgniter\CodeIgniter))
11 FCPATH\index.php(56): CodeIgniter\Boot::bootWeb(Object(Config\Paths))
CRITICAL - 2024-11-30 06:55:54 --> ErrorException: Undefined array key "Tree_Picture"
[Method: GET, Route: updatetree]
in APPPATH\Views\admin\updateTree.php on line 78.
 1 APPPATH\Views\admin\updateTree.php(78): CodeIgniter\Debug\Exceptions->errorHandler(2, 'Undefined array key "Tree_Picture"', 'C:\\xampp\\ISW-613-MyTrees2\\app\\Views\\admin\\updateTree.php', 78)
 2 SYSTEMPATH\View\View.php(234): include('C:\\xampp\\ISW-613-MyTrees2\\app\\Views\\admin\\updateTree.php')
 3 SYSTEMPATH\View\View.php(237): CodeIgniter\View\View->CodeIgniter\View\{closure}()
 4 SYSTEMPATH\Common.php(1171): CodeIgniter\View\View->render('admin/updateTree', [], true)
 5 APPPATH\Controllers\Admin.php(381): view('admin/updateTree', [...])
 6 SYSTEMPATH\CodeIgniter.php(933): App\Controllers\Admin->indexUpdateTree()
 7 SYSTEMPATH\CodeIgniter.php(509): CodeIgniter\CodeIgniter->runController(Object(App\Controllers\Admin))
 8 SYSTEMPATH\CodeIgniter.php(355): CodeIgniter\CodeIgniter->handleRequest(null, Object(Config\Cache), false)
 9 SYSTEMPATH\Boot.php(325): CodeIgniter\CodeIgniter->run()
10 SYSTEMPATH\Boot.php(67): CodeIgniter\Boot::runCodeIgniter(Object(CodeIgniter\CodeIgniter))
11 FCPATH\index.php(56): CodeIgniter\Boot::bootWeb(Object(Config\Paths))
