CRITICAL - 2024-12-10 00:41:19 --> ErrorException: Undefined variable $uploads_profile
[Method: GET, Route: admin/showupdatetree]
in APPPATH\Views\shared\navegation_admin.php on line 5.
 1 APPPATH\Views\shared\navegation_admin.php(5): CodeIgniter\Debug\Exceptions->errorHandler(2, 'Undefined variable $uploads_profile', 'C:\\xampp\\ISW-613-MyTrees2\\app\\Views\\shared\\navegation_admin.php', 5)
 2 SYSTEMPATH\View\View.php(234): include('C:\\xampp\\ISW-613-MyTrees2\\app\\Views\\shared\\navegation_admin.php')
 3 SYSTEMPATH\View\View.php(237): CodeIgniter\View\View->CodeIgniter\View\{closure}()
 4 SYSTEMPATH\Common.php(1171): CodeIgniter\View\View->render('shared/navegation_admin', [], true)
 5 APPPATH\Controllers\Admin.php(206): view('shared/navegation_admin', [...])
 6 SYSTEMPATH\CodeIgniter.php(933): App\Controllers\Admin->indexUpdateTree()
 7 SYSTEMPATH\CodeIgniter.php(509): CodeIgniter\CodeIgniter->runController(Object(App\Controllers\Admin))
 8 SYSTEMPATH\CodeIgniter.php(355): CodeIgniter\CodeIgniter->handleRequest(null, Object(Config\Cache), false)
 9 SYSTEMPATH\Boot.php(325): CodeIgniter\CodeIgniter->run()
10 SYSTEMPATH\Boot.php(67): CodeIgniter\Boot::runCodeIgniter(Object(CodeIgniter\CodeIgniter))
11 FCPATH\index.php(56): CodeIgniter\Boot::bootWeb(Object(Config\Paths))
CRITICAL - 2024-12-10 00:41:56 --> ErrorException: Undefined variable $uploads_profile
[Method: GET, Route: admin/showupdatetree]
in APPPATH\Views\shared\navegation_admin.php on line 5.
 1 APPPATH\Views\shared\navegation_admin.php(5): CodeIgniter\Debug\Exceptions->errorHandler(2, 'Undefined variable $uploads_profile', 'C:\\xampp\\ISW-613-MyTrees2\\app\\Views\\shared\\navegation_admin.php', 5)
 2 SYSTEMPATH\View\View.php(234): include('C:\\xampp\\ISW-613-MyTrees2\\app\\Views\\shared\\navegation_admin.php')
 3 SYSTEMPATH\View\View.php(237): CodeIgniter\View\View->CodeIgniter\View\{closure}()
 4 SYSTEMPATH\Common.php(1171): CodeIgniter\View\View->render('shared/navegation_admin', [], true)
 5 APPPATH\Controllers\Admin.php(206): view('shared/navegation_admin', [...])
 6 SYSTEMPATH\CodeIgniter.php(933): App\Controllers\Admin->indexUpdateTree()
 7 SYSTEMPATH\CodeIgniter.php(509): CodeIgniter\CodeIgniter->runController(Object(App\Controllers\Admin))
 8 SYSTEMPATH\CodeIgniter.php(355): CodeIgniter\CodeIgniter->handleRequest(null, Object(Config\Cache), false)
 9 SYSTEMPATH\Boot.php(325): CodeIgniter\CodeIgniter->run()
10 SYSTEMPATH\Boot.php(67): CodeIgniter\Boot::runCodeIgniter(Object(CodeIgniter\CodeIgniter))
11 FCPATH\index.php(56): CodeIgniter\Boot::bootWeb(Object(Config\Paths))
CRITICAL - 2024-12-10 00:42:03 --> ErrorException: Undefined variable $uploads_profile
[Method: GET, Route: admin/showupdatetree]
in APPPATH\Views\shared\navegation_admin.php on line 5.
 1 APPPATH\Views\shared\navegation_admin.php(5): CodeIgniter\Debug\Exceptions->errorHandler(2, 'Undefined variable $uploads_profile', 'C:\\xampp\\ISW-613-MyTrees2\\app\\Views\\shared\\navegation_admin.php', 5)
 2 SYSTEMPATH\View\View.php(234): include('C:\\xampp\\ISW-613-MyTrees2\\app\\Views\\shared\\navegation_admin.php')
 3 SYSTEMPATH\View\View.php(237): CodeIgniter\View\View->CodeIgniter\View\{closure}()
 4 SYSTEMPATH\Common.php(1171): CodeIgniter\View\View->render('shared/navegation_admin', [], true)
 5 APPPATH\Controllers\Admin.php(206): view('shared/navegation_admin', [...])
 6 SYSTEMPATH\CodeIgniter.php(933): App\Controllers\Admin->indexUpdateTree()
 7 SYSTEMPATH\CodeIgniter.php(509): CodeIgniter\CodeIgniter->runController(Object(App\Controllers\Admin))
 8 SYSTEMPATH\CodeIgniter.php(355): CodeIgniter\CodeIgniter->handleRequest(null, Object(Config\Cache), false)
 9 SYSTEMPATH\Boot.php(325): CodeIgniter\CodeIgniter->run()
10 SYSTEMPATH\Boot.php(67): CodeIgniter\Boot::runCodeIgniter(Object(CodeIgniter\CodeIgniter))
11 FCPATH\index.php(56): CodeIgniter\Boot::bootWeb(Object(Config\Paths))
