CRITICAL - 2024-11-28 00:29:52 --> ErrorException: Undefined variable $error_msg
[Method: GET, Route: updatespecies]
in APPPATH\Views\admin\updateSpecies.php on line 11.
 1 APPPATH\Views\admin\updateSpecies.php(11): CodeIgniter\Debug\Exceptions->errorHandler(2, 'Undefined variable $error_msg', 'C:\\xampp\\ISW-613-MyTrees2\\app\\Views\\admin\\updateSpecies.php', 11)
 2 SYSTEMPATH\View\View.php(234): include('C:\\xampp\\ISW-613-MyTrees2\\app\\Views\\admin\\updateSpecies.php')
 3 SYSTEMPATH\View\View.php(237): CodeIgniter\View\View->CodeIgniter\View\{closure}()
 4 SYSTEMPATH\Common.php(1171): CodeIgniter\View\View->render('admin/updateSpecies', [], true)
 5 APPPATH\Controllers\Admin.php(169): view('admin/updateSpecies', [...])
 6 SYSTEMPATH\CodeIgniter.php(933): App\Controllers\Admin->indexUpdateSpecies()
 7 SYSTEMPATH\CodeIgniter.php(509): CodeIgniter\CodeIgniter->runController(Object(App\Controllers\Admin))
 8 SYSTEMPATH\CodeIgniter.php(355): CodeIgniter\CodeIgniter->handleRequest(null, Object(Config\Cache), false)
 9 SYSTEMPATH\Boot.php(325): CodeIgniter\CodeIgniter->run()
10 SYSTEMPATH\Boot.php(67): CodeIgniter\Boot::runCodeIgniter(Object(CodeIgniter\CodeIgniter))
11 FCPATH\index.php(56): CodeIgniter\Boot::bootWeb(Object(Config\Paths))
CRITICAL - 2024-11-28 00:30:09 --> ErrorException: Undefined variable $error_msg
[Method: GET, Route: updatespecies]
in APPPATH\Views\admin\updateSpecies.php on line 11.
 1 APPPATH\Views\admin\updateSpecies.php(11): CodeIgniter\Debug\Exceptions->errorHandler(2, 'Undefined variable $error_msg', 'C:\\xampp\\ISW-613-MyTrees2\\app\\Views\\admin\\updateSpecies.php', 11)
 2 SYSTEMPATH\View\View.php(234): include('C:\\xampp\\ISW-613-MyTrees2\\app\\Views\\admin\\updateSpecies.php')
 3 SYSTEMPATH\View\View.php(237): CodeIgniter\View\View->CodeIgniter\View\{closure}()
 4 SYSTEMPATH\Common.php(1171): CodeIgniter\View\View->render('admin/updateSpecies', [], true)
 5 APPPATH\Controllers\Admin.php(169): view('admin/updateSpecies', [...])
 6 SYSTEMPATH\CodeIgniter.php(933): App\Controllers\Admin->indexUpdateSpecies()
 7 SYSTEMPATH\CodeIgniter.php(509): CodeIgniter\CodeIgniter->runController(Object(App\Controllers\Admin))
 8 SYSTEMPATH\CodeIgniter.php(355): CodeIgniter\CodeIgniter->handleRequest(null, Object(Config\Cache), false)
 9 SYSTEMPATH\Boot.php(325): CodeIgniter\CodeIgniter->run()
10 SYSTEMPATH\Boot.php(67): CodeIgniter\Boot::runCodeIgniter(Object(CodeIgniter\CodeIgniter))
11 FCPATH\index.php(56): CodeIgniter\Boot::bootWeb(Object(Config\Paths))
CRITICAL - 2024-11-28 00:30:24 --> ErrorException: foreach() argument must be of type array|object, string given
[Method: GET, Route: addspecies]
in APPPATH\Views\admin\addSpecies.php on line 15.
 1 APPPATH\Views\admin\addSpecies.php(15): CodeIgniter\Debug\Exceptions->errorHandler(2, 'foreach() argument must be of type array|object, string given', 'C:\\xampp\\ISW-613-MyTrees2\\app\\Views\\admin\\addSpecies.php', 15)
 2 SYSTEMPATH\View\View.php(234): include('C:\\xampp\\ISW-613-MyTrees2\\app\\Views\\admin\\addSpecies.php')
 3 SYSTEMPATH\View\View.php(237): CodeIgniter\View\View->CodeIgniter\View\{closure}()
 4 SYSTEMPATH\Common.php(1171): CodeIgniter\View\View->render('admin/addSpecies', [], true)
 5 APPPATH\Controllers\Admin.php(110): view('admin/addSpecies')
 6 SYSTEMPATH\CodeIgniter.php(933): App\Controllers\Admin->indexAddSpecies()
 7 SYSTEMPATH\CodeIgniter.php(509): CodeIgniter\CodeIgniter->runController(Object(App\Controllers\Admin))
 8 SYSTEMPATH\CodeIgniter.php(355): CodeIgniter\CodeIgniter->handleRequest(null, Object(Config\Cache), false)
 9 SYSTEMPATH\Boot.php(325): CodeIgniter\CodeIgniter->run()
10 SYSTEMPATH\Boot.php(67): CodeIgniter\Boot::runCodeIgniter(Object(CodeIgniter\CodeIgniter))
11 FCPATH\index.php(56): CodeIgniter\Boot::bootWeb(Object(Config\Paths))
CRITICAL - 2024-11-28 00:30:55 --> ErrorException: Undefined variable $error_msg
[Method: GET, Route: updatespecies]
in APPPATH\Views\admin\updateSpecies.php on line 11.
 1 APPPATH\Views\admin\updateSpecies.php(11): CodeIgniter\Debug\Exceptions->errorHandler(2, 'Undefined variable $error_msg', 'C:\\xampp\\ISW-613-MyTrees2\\app\\Views\\admin\\updateSpecies.php', 11)
 2 SYSTEMPATH\View\View.php(234): include('C:\\xampp\\ISW-613-MyTrees2\\app\\Views\\admin\\updateSpecies.php')
 3 SYSTEMPATH\View\View.php(237): CodeIgniter\View\View->CodeIgniter\View\{closure}()
 4 SYSTEMPATH\Common.php(1171): CodeIgniter\View\View->render('admin/updateSpecies', [], true)
 5 APPPATH\Controllers\Admin.php(169): view('admin/updateSpecies', [...])
 6 SYSTEMPATH\CodeIgniter.php(933): App\Controllers\Admin->indexUpdateSpecies()
 7 SYSTEMPATH\CodeIgniter.php(509): CodeIgniter\CodeIgniter->runController(Object(App\Controllers\Admin))
 8 SYSTEMPATH\CodeIgniter.php(355): CodeIgniter\CodeIgniter->handleRequest(null, Object(Config\Cache), false)
 9 SYSTEMPATH\Boot.php(325): CodeIgniter\CodeIgniter->run()
10 SYSTEMPATH\Boot.php(67): CodeIgniter\Boot::runCodeIgniter(Object(CodeIgniter\CodeIgniter))
11 FCPATH\index.php(56): CodeIgniter\Boot::bootWeb(Object(Config\Paths))
CRITICAL - 2024-11-28 00:31:09 --> ErrorException: Undefined variable $error_msg
[Method: GET, Route: updatespecies]
in APPPATH\Views\admin\updateSpecies.php on line 11.
 1 APPPATH\Views\admin\updateSpecies.php(11): CodeIgniter\Debug\Exceptions->errorHandler(2, 'Undefined variable $error_msg', 'C:\\xampp\\ISW-613-MyTrees2\\app\\Views\\admin\\updateSpecies.php', 11)
 2 SYSTEMPATH\View\View.php(234): include('C:\\xampp\\ISW-613-MyTrees2\\app\\Views\\admin\\updateSpecies.php')
 3 SYSTEMPATH\View\View.php(237): CodeIgniter\View\View->CodeIgniter\View\{closure}()
 4 SYSTEMPATH\Common.php(1171): CodeIgniter\View\View->render('admin/updateSpecies', [], true)
 5 APPPATH\Controllers\Admin.php(169): view('admin/updateSpecies', [...])
 6 SYSTEMPATH\CodeIgniter.php(933): App\Controllers\Admin->indexUpdateSpecies()
 7 SYSTEMPATH\CodeIgniter.php(509): CodeIgniter\CodeIgniter->runController(Object(App\Controllers\Admin))
 8 SYSTEMPATH\CodeIgniter.php(355): CodeIgniter\CodeIgniter->handleRequest(null, Object(Config\Cache), false)
 9 SYSTEMPATH\Boot.php(325): CodeIgniter\CodeIgniter->run()
10 SYSTEMPATH\Boot.php(67): CodeIgniter\Boot::runCodeIgniter(Object(CodeIgniter\CodeIgniter))
11 FCPATH\index.php(56): CodeIgniter\Boot::bootWeb(Object(Config\Paths))
CRITICAL - 2024-11-28 00:34:04 --> TypeError: htmlspecialchars(): Argument #1 ($string) must be of type string, array given
[Method: GET, Route: updatespecies]
in APPPATH\Views\admin\updateSpecies.php on line 13.
 1 APPPATH\Views\admin\updateSpecies.php(13): htmlspecialchars([...])
 2 SYSTEMPATH\View\View.php(234): include('C:\\xampp\\ISW-613-MyTrees2\\app\\Views\\admin\\updateSpecies.php')
 3 SYSTEMPATH\View\View.php(237): CodeIgniter\View\View->CodeIgniter\View\{closure}()
 4 SYSTEMPATH\Common.php(1171): CodeIgniter\View\View->render('admin/updateSpecies', [], true)
 5 APPPATH\Controllers\Admin.php(171): view('admin/updateSpecies', [...])
 6 SYSTEMPATH\CodeIgniter.php(933): App\Controllers\Admin->indexUpdateSpecies()
 7 SYSTEMPATH\CodeIgniter.php(509): CodeIgniter\CodeIgniter->runController(Object(App\Controllers\Admin))
 8 SYSTEMPATH\CodeIgniter.php(355): CodeIgniter\CodeIgniter->handleRequest(null, Object(Config\Cache), false)
 9 SYSTEMPATH\Boot.php(325): CodeIgniter\CodeIgniter->run()
10 SYSTEMPATH\Boot.php(67): CodeIgniter\Boot::runCodeIgniter(Object(CodeIgniter\CodeIgniter))
11 FCPATH\index.php(56): CodeIgniter\Boot::bootWeb(Object(Config\Paths))
CRITICAL - 2024-11-28 00:34:47 --> TypeError: htmlspecialchars(): Argument #1 ($string) must be of type string, array given
[Method: GET, Route: updatespecies]
in APPPATH\Views\admin\updateSpecies.php on line 13.
 1 APPPATH\Views\admin\updateSpecies.php(13): htmlspecialchars([...])
 2 SYSTEMPATH\View\View.php(234): include('C:\\xampp\\ISW-613-MyTrees2\\app\\Views\\admin\\updateSpecies.php')
 3 SYSTEMPATH\View\View.php(237): CodeIgniter\View\View->CodeIgniter\View\{closure}()
 4 SYSTEMPATH\Common.php(1171): CodeIgniter\View\View->render('admin/updateSpecies', [], true)
 5 APPPATH\Controllers\Admin.php(171): view('admin/updateSpecies', [...])
 6 SYSTEMPATH\CodeIgniter.php(933): App\Controllers\Admin->indexUpdateSpecies()
 7 SYSTEMPATH\CodeIgniter.php(509): CodeIgniter\CodeIgniter->runController(Object(App\Controllers\Admin))
 8 SYSTEMPATH\CodeIgniter.php(355): CodeIgniter\CodeIgniter->handleRequest(null, Object(Config\Cache), false)
 9 SYSTEMPATH\Boot.php(325): CodeIgniter\CodeIgniter->run()
10 SYSTEMPATH\Boot.php(67): CodeIgniter\Boot::runCodeIgniter(Object(CodeIgniter\CodeIgniter))
11 FCPATH\index.php(56): CodeIgniter\Boot::bootWeb(Object(Config\Paths))
CRITICAL - 2024-11-28 00:37:59 --> TypeError: htmlspecialchars(): Argument #1 ($string) must be of type string, array given
[Method: GET, Route: updatespecies]
in APPPATH\Views\admin\updateSpecies.php on line 13.
 1 APPPATH\Views\admin\updateSpecies.php(13): htmlspecialchars([...])
 2 SYSTEMPATH\View\View.php(234): include('C:\\xampp\\ISW-613-MyTrees2\\app\\Views\\admin\\updateSpecies.php')
 3 SYSTEMPATH\View\View.php(237): CodeIgniter\View\View->CodeIgniter\View\{closure}()
 4 SYSTEMPATH\Common.php(1171): CodeIgniter\View\View->render('admin/updateSpecies', [], true)
 5 APPPATH\Controllers\Admin.php(171): view('admin/updateSpecies', [...])
 6 SYSTEMPATH\CodeIgniter.php(933): App\Controllers\Admin->indexUpdateSpecies()
 7 SYSTEMPATH\CodeIgniter.php(509): CodeIgniter\CodeIgniter->runController(Object(App\Controllers\Admin))
 8 SYSTEMPATH\CodeIgniter.php(355): CodeIgniter\CodeIgniter->handleRequest(null, Object(Config\Cache), false)
 9 SYSTEMPATH\Boot.php(325): CodeIgniter\CodeIgniter->run()
10 SYSTEMPATH\Boot.php(67): CodeIgniter\Boot::runCodeIgniter(Object(CodeIgniter\CodeIgniter))
11 FCPATH\index.php(56): CodeIgniter\Boot::bootWeb(Object(Config\Paths))
CRITICAL - 2024-11-28 01:41:48 --> TypeError: htmlspecialchars(): Argument #1 ($string) must be of type string, array given
[Method: GET, Route: updatespecies]
in APPPATH\Views\admin\updateSpecies.php on line 13.
 1 APPPATH\Views\admin\updateSpecies.php(13): htmlspecialchars([...])
 2 SYSTEMPATH\View\View.php(234): include('C:\\xampp\\ISW-613-MyTrees2\\app\\Views\\admin\\updateSpecies.php')
 3 SYSTEMPATH\View\View.php(237): CodeIgniter\View\View->CodeIgniter\View\{closure}()
 4 SYSTEMPATH\Common.php(1171): CodeIgniter\View\View->render('admin/updateSpecies', [], true)
 5 APPPATH\Controllers\Admin.php(171): view('admin/updateSpecies', [...])
 6 SYSTEMPATH\CodeIgniter.php(933): App\Controllers\Admin->indexUpdateSpecies()
 7 SYSTEMPATH\CodeIgniter.php(509): CodeIgniter\CodeIgniter->runController(Object(App\Controllers\Admin))
 8 SYSTEMPATH\CodeIgniter.php(355): CodeIgniter\CodeIgniter->handleRequest(null, Object(Config\Cache), false)
 9 SYSTEMPATH\Boot.php(325): CodeIgniter\CodeIgniter->run()
10 SYSTEMPATH\Boot.php(67): CodeIgniter\Boot::runCodeIgniter(Object(CodeIgniter\CodeIgniter))
11 FCPATH\index.php(56): CodeIgniter\Boot::bootWeb(Object(Config\Paths))
CRITICAL - 2024-11-28 01:41:54 --> CodeIgniter\Database\Exceptions\DatabaseException: Updates are not allowed unless they contain a "where" or "like" clause.
[Method: POST, Route: admin/updatespecies]
in SYSTEMPATH\Model.php on line 456.
 1 SYSTEMPATH\BaseModel.php(1028): CodeIgniter\Model->doUpdate(null, [...])
 2 SYSTEMPATH\Model.php(865): CodeIgniter\BaseModel->update(null, [...])
 3 APPPATH\Controllers\Admin.php(196): CodeIgniter\Model->update(null, [...])
 4 SYSTEMPATH\CodeIgniter.php(933): App\Controllers\Admin->updateSpecies()
 5 SYSTEMPATH\CodeIgniter.php(509): CodeIgniter\CodeIgniter->runController(Object(App\Controllers\Admin))
 6 SYSTEMPATH\CodeIgniter.php(355): CodeIgniter\CodeIgniter->handleRequest(null, Object(Config\Cache), false)
 7 SYSTEMPATH\Boot.php(325): CodeIgniter\CodeIgniter->run()
 8 SYSTEMPATH\Boot.php(67): CodeIgniter\Boot::runCodeIgniter(Object(CodeIgniter\CodeIgniter))
 9 FCPATH\index.php(56): CodeIgniter\Boot::bootWeb(Object(Config\Paths))
CRITICAL - 2024-11-28 01:51:39 --> Error: Call to undefined function set_value()
[Method: GET, Route: updatespecies]
in APPPATH\Views\admin\updateSpecies.php on line 26.
 1 SYSTEMPATH\View\View.php(234): include()
 2 SYSTEMPATH\View\View.php(237): CodeIgniter\View\View->CodeIgniter\View\{closure}()
 3 SYSTEMPATH\Common.php(1171): CodeIgniter\View\View->render('admin/updateSpecies', [], true)
 4 APPPATH\Controllers\Admin.php(171): view('admin/updateSpecies', [...])
 5 SYSTEMPATH\CodeIgniter.php(933): App\Controllers\Admin->indexUpdateSpecies()
 6 SYSTEMPATH\CodeIgniter.php(509): CodeIgniter\CodeIgniter->runController(Object(App\Controllers\Admin))
 7 SYSTEMPATH\CodeIgniter.php(355): CodeIgniter\CodeIgniter->handleRequest(null, Object(Config\Cache), false)
 8 SYSTEMPATH\Boot.php(325): CodeIgniter\CodeIgniter->run()
 9 SYSTEMPATH\Boot.php(67): CodeIgniter\Boot::runCodeIgniter(Object(CodeIgniter\CodeIgniter))
10 FCPATH\index.php(56): CodeIgniter\Boot::bootWeb(Object(Config\Paths))
CRITICAL - 2024-11-28 01:52:17 --> Error: Call to undefined function set_value()
[Method: GET, Route: updatespecies]
in APPPATH\Views\admin\updateSpecies.php on line 26.
 1 SYSTEMPATH\View\View.php(234): include()
 2 SYSTEMPATH\View\View.php(237): CodeIgniter\View\View->CodeIgniter\View\{closure}()
 3 SYSTEMPATH\Common.php(1171): CodeIgniter\View\View->render('admin/updateSpecies', [], true)
 4 APPPATH\Controllers\Admin.php(171): view('admin/updateSpecies', [...])
 5 SYSTEMPATH\CodeIgniter.php(933): App\Controllers\Admin->indexUpdateSpecies()
 6 SYSTEMPATH\CodeIgniter.php(509): CodeIgniter\CodeIgniter->runController(Object(App\Controllers\Admin))
 7 SYSTEMPATH\CodeIgniter.php(355): CodeIgniter\CodeIgniter->handleRequest(null, Object(Config\Cache), false)
 8 SYSTEMPATH\Boot.php(325): CodeIgniter\CodeIgniter->run()
 9 SYSTEMPATH\Boot.php(67): CodeIgniter\Boot::runCodeIgniter(Object(CodeIgniter\CodeIgniter))
10 FCPATH\index.php(56): CodeIgniter\Boot::bootWeb(Object(Config\Paths))
CRITICAL - 2024-11-28 01:52:19 --> Error: Call to undefined function set_value()
[Method: GET, Route: updatespecies]
in APPPATH\Views\admin\updateSpecies.php on line 26.
 1 SYSTEMPATH\View\View.php(234): include()
 2 SYSTEMPATH\View\View.php(237): CodeIgniter\View\View->CodeIgniter\View\{closure}()
 3 SYSTEMPATH\Common.php(1171): CodeIgniter\View\View->render('admin/updateSpecies', [], true)
 4 APPPATH\Controllers\Admin.php(171): view('admin/updateSpecies', [...])
 5 SYSTEMPATH\CodeIgniter.php(933): App\Controllers\Admin->indexUpdateSpecies()
 6 SYSTEMPATH\CodeIgniter.php(509): CodeIgniter\CodeIgniter->runController(Object(App\Controllers\Admin))
 7 SYSTEMPATH\CodeIgniter.php(355): CodeIgniter\CodeIgniter->handleRequest(null, Object(Config\Cache), false)
 8 SYSTEMPATH\Boot.php(325): CodeIgniter\CodeIgniter->run()
 9 SYSTEMPATH\Boot.php(67): CodeIgniter\Boot::runCodeIgniter(Object(CodeIgniter\CodeIgniter))
10 FCPATH\index.php(56): CodeIgniter\Boot::bootWeb(Object(Config\Paths))
CRITICAL - 2024-11-28 01:52:20 --> Error: Call to undefined function set_value()
[Method: GET, Route: updatespecies]
in APPPATH\Views\admin\updateSpecies.php on line 26.
 1 SYSTEMPATH\View\View.php(234): include()
 2 SYSTEMPATH\View\View.php(237): CodeIgniter\View\View->CodeIgniter\View\{closure}()
 3 SYSTEMPATH\Common.php(1171): CodeIgniter\View\View->render('admin/updateSpecies', [], true)
 4 APPPATH\Controllers\Admin.php(171): view('admin/updateSpecies', [...])
 5 SYSTEMPATH\CodeIgniter.php(933): App\Controllers\Admin->indexUpdateSpecies()
 6 SYSTEMPATH\CodeIgniter.php(509): CodeIgniter\CodeIgniter->runController(Object(App\Controllers\Admin))
 7 SYSTEMPATH\CodeIgniter.php(355): CodeIgniter\CodeIgniter->handleRequest(null, Object(Config\Cache), false)
 8 SYSTEMPATH\Boot.php(325): CodeIgniter\CodeIgniter->run()
 9 SYSTEMPATH\Boot.php(67): CodeIgniter\Boot::runCodeIgniter(Object(CodeIgniter\CodeIgniter))
10 FCPATH\index.php(56): CodeIgniter\Boot::bootWeb(Object(Config\Paths))
CRITICAL - 2024-11-28 01:52:20 --> Error: Call to undefined function set_value()
[Method: GET, Route: updatespecies]
in APPPATH\Views\admin\updateSpecies.php on line 26.
 1 SYSTEMPATH\View\View.php(234): include()
 2 SYSTEMPATH\View\View.php(237): CodeIgniter\View\View->CodeIgniter\View\{closure}()
 3 SYSTEMPATH\Common.php(1171): CodeIgniter\View\View->render('admin/updateSpecies', [], true)
 4 APPPATH\Controllers\Admin.php(171): view('admin/updateSpecies', [...])
 5 SYSTEMPATH\CodeIgniter.php(933): App\Controllers\Admin->indexUpdateSpecies()
 6 SYSTEMPATH\CodeIgniter.php(509): CodeIgniter\CodeIgniter->runController(Object(App\Controllers\Admin))
 7 SYSTEMPATH\CodeIgniter.php(355): CodeIgniter\CodeIgniter->handleRequest(null, Object(Config\Cache), false)
 8 SYSTEMPATH\Boot.php(325): CodeIgniter\CodeIgniter->run()
 9 SYSTEMPATH\Boot.php(67): CodeIgniter\Boot::runCodeIgniter(Object(CodeIgniter\CodeIgniter))
10 FCPATH\index.php(56): CodeIgniter\Boot::bootWeb(Object(Config\Paths))
CRITICAL - 2024-11-28 01:52:22 --> Error: Call to undefined function set_value()
[Method: GET, Route: updatespecies]
in APPPATH\Views\admin\updateSpecies.php on line 26.
 1 SYSTEMPATH\View\View.php(234): include()
 2 SYSTEMPATH\View\View.php(237): CodeIgniter\View\View->CodeIgniter\View\{closure}()
 3 SYSTEMPATH\Common.php(1171): CodeIgniter\View\View->render('admin/updateSpecies', [], true)
 4 APPPATH\Controllers\Admin.php(171): view('admin/updateSpecies', [...])
 5 SYSTEMPATH\CodeIgniter.php(933): App\Controllers\Admin->indexUpdateSpecies()
 6 SYSTEMPATH\CodeIgniter.php(509): CodeIgniter\CodeIgniter->runController(Object(App\Controllers\Admin))
 7 SYSTEMPATH\CodeIgniter.php(355): CodeIgniter\CodeIgniter->handleRequest(null, Object(Config\Cache), false)
 8 SYSTEMPATH\Boot.php(325): CodeIgniter\CodeIgniter->run()
 9 SYSTEMPATH\Boot.php(67): CodeIgniter\Boot::runCodeIgniter(Object(CodeIgniter\CodeIgniter))
10 FCPATH\index.php(56): CodeIgniter\Boot::bootWeb(Object(Config\Paths))
CRITICAL - 2024-11-28 01:52:56 --> Error: Call to undefined function set_value()
[Method: GET, Route: updatespecies]
in APPPATH\Views\admin\updateSpecies.php on line 26.
 1 SYSTEMPATH\View\View.php(234): include()
 2 SYSTEMPATH\View\View.php(237): CodeIgniter\View\View->CodeIgniter\View\{closure}()
 3 SYSTEMPATH\Common.php(1171): CodeIgniter\View\View->render('admin/updateSpecies', [], true)
 4 APPPATH\Controllers\Admin.php(171): view('admin/updateSpecies', [...])
 5 SYSTEMPATH\CodeIgniter.php(933): App\Controllers\Admin->indexUpdateSpecies()
 6 SYSTEMPATH\CodeIgniter.php(509): CodeIgniter\CodeIgniter->runController(Object(App\Controllers\Admin))
 7 SYSTEMPATH\CodeIgniter.php(355): CodeIgniter\CodeIgniter->handleRequest(null, Object(Config\Cache), false)
 8 SYSTEMPATH\Boot.php(325): CodeIgniter\CodeIgniter->run()
 9 SYSTEMPATH\Boot.php(67): CodeIgniter\Boot::runCodeIgniter(Object(CodeIgniter\CodeIgniter))
10 FCPATH\index.php(56): CodeIgniter\Boot::bootWeb(Object(Config\Paths))
CRITICAL - 2024-11-28 01:54:05 --> Error: Call to undefined function set_value()
[Method: GET, Route: updatespecies]
in APPPATH\Views\admin\updateSpecies.php on line 26.
 1 SYSTEMPATH\View\View.php(234): include()
 2 SYSTEMPATH\View\View.php(237): CodeIgniter\View\View->CodeIgniter\View\{closure}()
 3 SYSTEMPATH\Common.php(1171): CodeIgniter\View\View->render('admin/updateSpecies', [], true)
 4 APPPATH\Controllers\Admin.php(171): view('admin/updateSpecies', [...])
 5 SYSTEMPATH\CodeIgniter.php(933): App\Controllers\Admin->indexUpdateSpecies()
 6 SYSTEMPATH\CodeIgniter.php(509): CodeIgniter\CodeIgniter->runController(Object(App\Controllers\Admin))
 7 SYSTEMPATH\CodeIgniter.php(355): CodeIgniter\CodeIgniter->handleRequest(null, Object(Config\Cache), false)
 8 SYSTEMPATH\Boot.php(325): CodeIgniter\CodeIgniter->run()
 9 SYSTEMPATH\Boot.php(67): CodeIgniter\Boot::runCodeIgniter(Object(CodeIgniter\CodeIgniter))
10 FCPATH\index.php(56): CodeIgniter\Boot::bootWeb(Object(Config\Paths))
CRITICAL - 2024-11-28 02:02:13 --> CodeIgniter\Database\Exceptions\DatabaseException: Updates are not allowed unless they contain a "where" or "like" clause.
[Method: POST, Route: admin/updatespecies]
in SYSTEMPATH\Model.php on line 456.
 1 SYSTEMPATH\BaseModel.php(1028): CodeIgniter\Model->doUpdate(null, [...])
 2 SYSTEMPATH\Model.php(865): CodeIgniter\BaseModel->update(null, [...])
 3 APPPATH\Controllers\Admin.php(219): CodeIgniter\Model->update(null, [...])
 4 SYSTEMPATH\CodeIgniter.php(933): App\Controllers\Admin->updateSpecies()
 5 SYSTEMPATH\CodeIgniter.php(509): CodeIgniter\CodeIgniter->runController(Object(App\Controllers\Admin))
 6 SYSTEMPATH\CodeIgniter.php(355): CodeIgniter\CodeIgniter->handleRequest(null, Object(Config\Cache), false)
 7 SYSTEMPATH\Boot.php(325): CodeIgniter\CodeIgniter->run()
 8 SYSTEMPATH\Boot.php(67): CodeIgniter\Boot::runCodeIgniter(Object(CodeIgniter\CodeIgniter))
 9 FCPATH\index.php(56): CodeIgniter\Boot::bootWeb(Object(Config\Paths))
CRITICAL - 2024-11-28 02:05:55 --> CodeIgniter\Database\Exceptions\DatabaseException: Updates are not allowed unless they contain a "where" or "like" clause.
[Method: POST, Route: admin/updatespecies]
in SYSTEMPATH\Model.php on line 456.
 1 SYSTEMPATH\BaseModel.php(1028): CodeIgniter\Model->doUpdate(null, [...])
 2 SYSTEMPATH\Model.php(865): CodeIgniter\BaseModel->update(null, [...])
 3 APPPATH\Controllers\Admin.php(219): CodeIgniter\Model->update(null, [...])
 4 SYSTEMPATH\CodeIgniter.php(933): App\Controllers\Admin->updateSpecies()
 5 SYSTEMPATH\CodeIgniter.php(509): CodeIgniter\CodeIgniter->runController(Object(App\Controllers\Admin))
 6 SYSTEMPATH\CodeIgniter.php(355): CodeIgniter\CodeIgniter->handleRequest(null, Object(Config\Cache), false)
 7 SYSTEMPATH\Boot.php(325): CodeIgniter\CodeIgniter->run()
 8 SYSTEMPATH\Boot.php(67): CodeIgniter\Boot::runCodeIgniter(Object(CodeIgniter\CodeIgniter))
 9 FCPATH\index.php(56): CodeIgniter\Boot::bootWeb(Object(Config\Paths))
ERROR - 2024-11-28 02:07:55 --> ID de especie no válido o no recibido.
