CRITICAL - 2024-12-06 19:45:37 --> CodeIgniter\View\Exceptions\ViewException: Invalid file: "admin/manageFriends.php"
[Method: GET, Route: managefriends]
in SYSTEMPATH\Exceptions\FrameworkException.php on line 41.
 1 SYSTEMPATH\View\View.php(222): CodeIgniter\Exceptions\FrameworkException::forInvalidFile('admin/manageFriends.php')
 2 SYSTEMPATH\Common.php(1171): CodeIgniter\View\View->render('admin/manageFriends', [], true)
 3 APPPATH\Controllers\Admin.php(508): view('admin/manageFriends', [...])
 4 SYSTEMPATH\CodeIgniter.php(933): App\Controllers\Admin->indexManageFriends()
 5 SYSTEMPATH\CodeIgniter.php(509): CodeIgniter\CodeIgniter->runController(Object(App\Controllers\Admin))
 6 SYSTEMPATH\CodeIgniter.php(355): CodeIgniter\CodeIgniter->handleRequest(null, Object(Config\Cache), false)
 7 SYSTEMPATH\Boot.php(325): CodeIgniter\CodeIgniter->run()
 8 SYSTEMPATH\Boot.php(67): CodeIgniter\Boot::runCodeIgniter(Object(CodeIgniter\CodeIgniter))
 9 FCPATH\index.php(56): CodeIgniter\Boot::bootWeb(Object(Config\Paths))
CRITICAL - 2024-12-06 19:46:16 --> CodeIgniter\View\Exceptions\ViewException: Invalid file: "admin/managefriends.php"
[Method: GET, Route: managefriends]
in SYSTEMPATH\Exceptions\FrameworkException.php on line 41.
 1 SYSTEMPATH\View\View.php(222): CodeIgniter\Exceptions\FrameworkException::forInvalidFile('admin/managefriends.php')
 2 SYSTEMPATH\Common.php(1171): CodeIgniter\View\View->render('admin/managefriends', [], true)
 3 APPPATH\Controllers\Admin.php(508): view('admin/managefriends', [...])
 4 SYSTEMPATH\CodeIgniter.php(933): App\Controllers\Admin->indexManageFriends()
 5 SYSTEMPATH\CodeIgniter.php(509): CodeIgniter\CodeIgniter->runController(Object(App\Controllers\Admin))
 6 SYSTEMPATH\CodeIgniter.php(355): CodeIgniter\CodeIgniter->handleRequest(null, Object(Config\Cache), false)
 7 SYSTEMPATH\Boot.php(325): CodeIgniter\CodeIgniter->run()
 8 SYSTEMPATH\Boot.php(67): CodeIgniter\Boot::runCodeIgniter(Object(CodeIgniter\CodeIgniter))
 9 FCPATH\index.php(56): CodeIgniter\Boot::bootWeb(Object(Config\Paths))
CRITICAL - 2024-12-06 19:48:53 --> CodeIgniter\View\Exceptions\ViewException: Invalid file: "admin/manageFriends.php"
[Method: GET, Route: managefriends]
in SYSTEMPATH\Exceptions\FrameworkException.php on line 41.
 1 SYSTEMPATH\View\View.php(222): CodeIgniter\Exceptions\FrameworkException::forInvalidFile('admin/manageFriends.php')
 2 SYSTEMPATH\Common.php(1171): CodeIgniter\View\View->render('admin/manageFriends', [], true)
 3 APPPATH\Controllers\Admin.php(508): view('admin/manageFriends', [...])
 4 SYSTEMPATH\CodeIgniter.php(933): App\Controllers\Admin->indexManageFriends()
 5 SYSTEMPATH\CodeIgniter.php(509): CodeIgniter\CodeIgniter->runController(Object(App\Controllers\Admin))
 6 SYSTEMPATH\CodeIgniter.php(355): CodeIgniter\CodeIgniter->handleRequest(null, Object(Config\Cache), false)
 7 SYSTEMPATH\Boot.php(325): CodeIgniter\CodeIgniter->run()
 8 SYSTEMPATH\Boot.php(67): CodeIgniter\Boot::runCodeIgniter(Object(CodeIgniter\CodeIgniter))
 9 FCPATH\index.php(56): CodeIgniter\Boot::bootWeb(Object(Config\Paths))
CRITICAL - 2024-12-06 20:14:11 --> ErrorException: Undefined variable $country
[Method: GET, Route: adduser]
in APPPATH\Views\admin\addUser.php on line 88.
 1 APPPATH\Views\admin\addUser.php(88): CodeIgniter\Debug\Exceptions->errorHandler(2, 'Undefined variable $country', 'C:\\xampp\\ISW-613-MyTrees2\\app\\Views\\admin\\addUser.php', 88)
 2 SYSTEMPATH\View\View.php(234): include('C:\\xampp\\ISW-613-MyTrees2\\app\\Views\\admin\\addUser.php')
 3 SYSTEMPATH\View\View.php(237): CodeIgniter\View\View->CodeIgniter\View\{closure}()
 4 SYSTEMPATH\Common.php(1171): CodeIgniter\View\View->render('admin/addUser', [], true)
 5 APPPATH\Controllers\Admin.php(520): view('admin/addUser')
 6 SYSTEMPATH\CodeIgniter.php(933): App\Controllers\Admin->indexAddUser()
 7 SYSTEMPATH\CodeIgniter.php(509): CodeIgniter\CodeIgniter->runController(Object(App\Controllers\Admin))
 8 SYSTEMPATH\CodeIgniter.php(355): CodeIgniter\CodeIgniter->handleRequest(null, Object(Config\Cache), false)
 9 SYSTEMPATH\Boot.php(325): CodeIgniter\CodeIgniter->run()
10 SYSTEMPATH\Boot.php(67): CodeIgniter\Boot::runCodeIgniter(Object(CodeIgniter\CodeIgniter))
11 FCPATH\index.php(56): CodeIgniter\Boot::bootWeb(Object(Config\Paths))
CRITICAL - 2024-12-06 20:14:14 --> ErrorException: Undefined variable $country
[Method: GET, Route: adduser]
in APPPATH\Views\admin\addUser.php on line 88.
 1 APPPATH\Views\admin\addUser.php(88): CodeIgniter\Debug\Exceptions->errorHandler(2, 'Undefined variable $country', 'C:\\xampp\\ISW-613-MyTrees2\\app\\Views\\admin\\addUser.php', 88)
 2 SYSTEMPATH\View\View.php(234): include('C:\\xampp\\ISW-613-MyTrees2\\app\\Views\\admin\\addUser.php')
 3 SYSTEMPATH\View\View.php(237): CodeIgniter\View\View->CodeIgniter\View\{closure}()
 4 SYSTEMPATH\Common.php(1171): CodeIgniter\View\View->render('admin/addUser', [], true)
 5 APPPATH\Controllers\Admin.php(520): view('admin/addUser')
 6 SYSTEMPATH\CodeIgniter.php(933): App\Controllers\Admin->indexAddUser()
 7 SYSTEMPATH\CodeIgniter.php(509): CodeIgniter\CodeIgniter->runController(Object(App\Controllers\Admin))
 8 SYSTEMPATH\CodeIgniter.php(355): CodeIgniter\CodeIgniter->handleRequest(null, Object(Config\Cache), false)
 9 SYSTEMPATH\Boot.php(325): CodeIgniter\CodeIgniter->run()
10 SYSTEMPATH\Boot.php(67): CodeIgniter\Boot::runCodeIgniter(Object(CodeIgniter\CodeIgniter))
11 FCPATH\index.php(56): CodeIgniter\Boot::bootWeb(Object(Config\Paths))
CRITICAL - 2024-12-06 20:15:06 --> ErrorException: Undefined variable $country
[Method: GET, Route: adduser]
in APPPATH\Views\admin\addUser.php on line 88.
 1 APPPATH\Views\admin\addUser.php(88): CodeIgniter\Debug\Exceptions->errorHandler(2, 'Undefined variable $country', 'C:\\xampp\\ISW-613-MyTrees2\\app\\Views\\admin\\addUser.php', 88)
 2 SYSTEMPATH\View\View.php(234): include('C:\\xampp\\ISW-613-MyTrees2\\app\\Views\\admin\\addUser.php')
 3 SYSTEMPATH\View\View.php(237): CodeIgniter\View\View->CodeIgniter\View\{closure}()
 4 SYSTEMPATH\Common.php(1171): CodeIgniter\View\View->render('admin/addUser', [], true)
 5 APPPATH\Controllers\Admin.php(520): view('admin/addUser')
 6 SYSTEMPATH\CodeIgniter.php(933): App\Controllers\Admin->indexAddUser()
 7 SYSTEMPATH\CodeIgniter.php(509): CodeIgniter\CodeIgniter->runController(Object(App\Controllers\Admin))
 8 SYSTEMPATH\CodeIgniter.php(355): CodeIgniter\CodeIgniter->handleRequest(null, Object(Config\Cache), false)
 9 SYSTEMPATH\Boot.php(325): CodeIgniter\CodeIgniter->run()
10 SYSTEMPATH\Boot.php(67): CodeIgniter\Boot::runCodeIgniter(Object(CodeIgniter\CodeIgniter))
11 FCPATH\index.php(56): CodeIgniter\Boot::bootWeb(Object(Config\Paths))
CRITICAL - 2024-12-06 20:17:28 --> ErrorException: Undefined variable $species
[Method: GET, Route: adduser]
in APPPATH\Views\admin\addTree.php on line 33.
 1 APPPATH\Views\admin\addTree.php(33): CodeIgniter\Debug\Exceptions->errorHandler(2, 'Undefined variable $species', 'C:\\xampp\\ISW-613-MyTrees2\\app\\Views\\admin\\addTree.php', 33)
 2 SYSTEMPATH\View\View.php(234): include('C:\\xampp\\ISW-613-MyTrees2\\app\\Views\\admin\\addTree.php')
 3 SYSTEMPATH\View\View.php(237): CodeIgniter\View\View->CodeIgniter\View\{closure}()
 4 SYSTEMPATH\Common.php(1171): CodeIgniter\View\View->render('admin/addtree', [], true)
 5 APPPATH\Controllers\Admin.php(536): view('admin/addtree', [...])
 6 SYSTEMPATH\CodeIgniter.php(933): App\Controllers\Admin->indexAddUser()
 7 SYSTEMPATH\CodeIgniter.php(509): CodeIgniter\CodeIgniter->runController(Object(App\Controllers\Admin))
 8 SYSTEMPATH\CodeIgniter.php(355): CodeIgniter\CodeIgniter->handleRequest(null, Object(Config\Cache), false)
 9 SYSTEMPATH\Boot.php(325): CodeIgniter\CodeIgniter->run()
10 SYSTEMPATH\Boot.php(67): CodeIgniter\Boot::runCodeIgniter(Object(CodeIgniter\CodeIgniter))
11 FCPATH\index.php(56): CodeIgniter\Boot::bootWeb(Object(Config\Paths))
