CRITICAL - 2024-12-09 13:02:15 --> ErrorException: Undefined property: App\Controllers\User::$session
[Method: GET, Route: treehistory]
in APPPATH\Controllers\User.php on line 317.
 1 APPPATH\Controllers\User.php(317): CodeIgniter\Debug\Exceptions->errorHandler(2, 'Undefined property: App\\Controllers\\User::$session', 'C:\\xampp\\ISW-613-MyTrees2\\app\\Controllers\\User.php', 317)
 2 SYSTEMPATH\CodeIgniter.php(933): App\Controllers\User->indextreeHistory()
 3 SYSTEMPATH\CodeIgniter.php(509): CodeIgniter\CodeIgniter->runController(Object(App\Controllers\User))
 4 SYSTEMPATH\CodeIgniter.php(355): CodeIgniter\CodeIgniter->handleRequest(null, Object(Config\Cache), false)
 5 SYSTEMPATH\Boot.php(325): CodeIgniter\CodeIgniter->run()
 6 SYSTEMPATH\Boot.php(67): CodeIgniter\Boot::runCodeIgniter(Object(CodeIgniter\CodeIgniter))
 7 FCPATH\index.php(56): CodeIgniter\Boot::bootWeb(Object(Config\Paths))
CRITICAL - 2024-12-09 13:03:53 --> ErrorException: Undefined property: App\Controllers\User::$session
[Method: GET, Route: treehistory]
in APPPATH\Controllers\User.php on line 319.
 1 APPPATH\Controllers\User.php(319): CodeIgniter\Debug\Exceptions->errorHandler(2, 'Undefined property: App\\Controllers\\User::$session', 'C:\\xampp\\ISW-613-MyTrees2\\app\\Controllers\\User.php', 319)
 2 SYSTEMPATH\CodeIgniter.php(933): App\Controllers\User->indextreeHistory()
 3 SYSTEMPATH\CodeIgniter.php(509): CodeIgniter\CodeIgniter->runController(Object(App\Controllers\User))
 4 SYSTEMPATH\CodeIgniter.php(355): CodeIgniter\CodeIgniter->handleRequest(null, Object(Config\Cache), false)
 5 SYSTEMPATH\Boot.php(325): CodeIgniter\CodeIgniter->run()
 6 SYSTEMPATH\Boot.php(67): CodeIgniter\Boot::runCodeIgniter(Object(CodeIgniter\CodeIgniter))
 7 FCPATH\index.php(56): CodeIgniter\Boot::bootWeb(Object(Config\Paths))
CRITICAL - 2024-12-09 13:06:44 --> ErrorException: Undefined property: App\Controllers\User::$session
[Method: GET, Route: treehistory]
in APPPATH\Controllers\User.php on line 329.
 1 APPPATH\Controllers\User.php(329): CodeIgniter\Debug\Exceptions->errorHandler(2, 'Undefined property: App\\Controllers\\User::$session', 'C:\\xampp\\ISW-613-MyTrees2\\app\\Controllers\\User.php', 329)
 2 SYSTEMPATH\CodeIgniter.php(933): App\Controllers\User->indextreeHistory()
 3 SYSTEMPATH\CodeIgniter.php(509): CodeIgniter\CodeIgniter->runController(Object(App\Controllers\User))
 4 SYSTEMPATH\CodeIgniter.php(355): CodeIgniter\CodeIgniter->handleRequest(null, Object(Config\Cache), false)
 5 SYSTEMPATH\Boot.php(325): CodeIgniter\CodeIgniter->run()
 6 SYSTEMPATH\Boot.php(67): CodeIgniter\Boot::runCodeIgniter(Object(CodeIgniter\CodeIgniter))
 7 FCPATH\index.php(56): CodeIgniter\Boot::bootWeb(Object(Config\Paths))
CRITICAL - 2024-12-09 13:06:47 --> ErrorException: Undefined property: App\Controllers\User::$session
[Method: GET, Route: treehistory]
in APPPATH\Controllers\User.php on line 329.
 1 APPPATH\Controllers\User.php(329): CodeIgniter\Debug\Exceptions->errorHandler(2, 'Undefined property: App\\Controllers\\User::$session', 'C:\\xampp\\ISW-613-MyTrees2\\app\\Controllers\\User.php', 329)
 2 SYSTEMPATH\CodeIgniter.php(933): App\Controllers\User->indextreeHistory()
 3 SYSTEMPATH\CodeIgniter.php(509): CodeIgniter\CodeIgniter->runController(Object(App\Controllers\User))
 4 SYSTEMPATH\CodeIgniter.php(355): CodeIgniter\CodeIgniter->handleRequest(null, Object(Config\Cache), false)
 5 SYSTEMPATH\Boot.php(325): CodeIgniter\CodeIgniter->run()
 6 SYSTEMPATH\Boot.php(67): CodeIgniter\Boot::runCodeIgniter(Object(CodeIgniter\CodeIgniter))
 7 FCPATH\index.php(56): CodeIgniter\Boot::bootWeb(Object(Config\Paths))
CRITICAL - 2024-12-09 13:09:19 --> ErrorException: Undefined variable $session
[Method: GET, Route: treehistory]
in APPPATH\Controllers\User.php on line 318.
 1 APPPATH\Controllers\User.php(318): CodeIgniter\Debug\Exceptions->errorHandler(2, 'Undefined variable $session', 'C:\\xampp\\ISW-613-MyTrees2\\app\\Controllers\\User.php', 318)
 2 SYSTEMPATH\CodeIgniter.php(933): App\Controllers\User->indextreeHistory()
 3 SYSTEMPATH\CodeIgniter.php(509): CodeIgniter\CodeIgniter->runController(Object(App\Controllers\User))
 4 SYSTEMPATH\CodeIgniter.php(355): CodeIgniter\CodeIgniter->handleRequest(null, Object(Config\Cache), false)
 5 SYSTEMPATH\Boot.php(325): CodeIgniter\CodeIgniter->run()
 6 SYSTEMPATH\Boot.php(67): CodeIgniter\Boot::runCodeIgniter(Object(CodeIgniter\CodeIgniter))
 7 FCPATH\index.php(56): CodeIgniter\Boot::bootWeb(Object(Config\Paths))
ERROR - 2024-12-09 13:17:47 --> Sesión no válida: user_id o role_id ausente.
ERROR - 2024-12-09 13:23:21 --> Rol desconocido: 
ERROR - 2024-12-09 13:24:29 --> Rol desconocido: 
CRITICAL - 2024-12-09 13:46:28 --> ErrorException: Undefined property: App\Controllers\User::$session
[Method: GET, Route: treehistory]
in APPPATH\Controllers\User.php on line 330.
 1 APPPATH\Controllers\User.php(330): CodeIgniter\Debug\Exceptions->errorHandler(2, 'Undefined property: App\\Controllers\\User::$session', 'C:\\xampp\\ISW-613-MyTrees2\\app\\Controllers\\User.php', 330)
 2 SYSTEMPATH\CodeIgniter.php(933): App\Controllers\User->indextreeHistory()
 3 SYSTEMPATH\CodeIgniter.php(509): CodeIgniter\CodeIgniter->runController(Object(App\Controllers\User))
 4 SYSTEMPATH\CodeIgniter.php(355): CodeIgniter\CodeIgniter->handleRequest(null, Object(Config\Cache), false)
 5 SYSTEMPATH\Boot.php(325): CodeIgniter\CodeIgniter->run()
 6 SYSTEMPATH\Boot.php(67): CodeIgniter\Boot::runCodeIgniter(Object(CodeIgniter\CodeIgniter))
 7 FCPATH\index.php(56): CodeIgniter\Boot::bootWeb(Object(Config\Paths))
CRITICAL - 2024-12-09 14:02:13 --> ParseError: Unclosed '{' on line 315 does not match ')'
[Method: GET, Route: treehistory]
in APPPATH\Controllers\User.php on line 361.
 1 SYSTEMPATH\Autoloader\Autoloader.php(296): CodeIgniter\Autoloader\Autoloader->includeFile('C:\\xampp\\ISW-613-MyTrees2\\app\\Controllers\\User.php')
 2 SYSTEMPATH\Autoloader\Autoloader.php(272): CodeIgniter\Autoloader\Autoloader->loadInNamespace('App\\Controllers\\User')
 3 [internal function]: CodeIgniter\Autoloader\Autoloader->loadClass('App\\Controllers\\User')
 4 SYSTEMPATH\CodeIgniter.php(887): class_exists('\\App\\Controllers\\User', true)
 5 SYSTEMPATH\CodeIgniter.php(496): CodeIgniter\CodeIgniter->startController()
 6 SYSTEMPATH\CodeIgniter.php(355): CodeIgniter\CodeIgniter->handleRequest(null, Object(Config\Cache), false)
 7 SYSTEMPATH\Boot.php(325): CodeIgniter\CodeIgniter->run()
 8 SYSTEMPATH\Boot.php(67): CodeIgniter\Boot::runCodeIgniter(Object(CodeIgniter\CodeIgniter))
 9 FCPATH\index.php(56): CodeIgniter\Boot::bootWeb(Object(Config\Paths))
CRITICAL - 2024-12-09 14:02:29 --> ParseError: syntax error, unexpected token ";"
[Method: GET, Route: treehistory]
in APPPATH\Controllers\User.php on line 361.
 1 SYSTEMPATH\Autoloader\Autoloader.php(296): CodeIgniter\Autoloader\Autoloader->includeFile('C:\\xampp\\ISW-613-MyTrees2\\app\\Controllers\\User.php')
 2 SYSTEMPATH\Autoloader\Autoloader.php(272): CodeIgniter\Autoloader\Autoloader->loadInNamespace('App\\Controllers\\User')
 3 [internal function]: CodeIgniter\Autoloader\Autoloader->loadClass('App\\Controllers\\User')
 4 SYSTEMPATH\CodeIgniter.php(887): class_exists('\\App\\Controllers\\User', true)
 5 SYSTEMPATH\CodeIgniter.php(496): CodeIgniter\CodeIgniter->startController()
 6 SYSTEMPATH\CodeIgniter.php(355): CodeIgniter\CodeIgniter->handleRequest(null, Object(Config\Cache), false)
 7 SYSTEMPATH\Boot.php(325): CodeIgniter\CodeIgniter->run()
 8 SYSTEMPATH\Boot.php(67): CodeIgniter\Boot::runCodeIgniter(Object(CodeIgniter\CodeIgniter))
 9 FCPATH\index.php(56): CodeIgniter\Boot::bootWeb(Object(Config\Paths))
CRITICAL - 2024-12-09 15:52:04 --> ParseError: syntax error, unexpected token "public", expecting end of file
[Method: GET, Route: signup]
in APPPATH\Controllers\User.php on line 173.
 1 SYSTEMPATH\Autoloader\Autoloader.php(296): CodeIgniter\Autoloader\Autoloader->includeFile('C:\\xampp\\ISW-613-MyTrees2\\app\\Controllers\\User.php')
 2 SYSTEMPATH\Autoloader\Autoloader.php(272): CodeIgniter\Autoloader\Autoloader->loadInNamespace('App\\Controllers\\User')
 3 [internal function]: CodeIgniter\Autoloader\Autoloader->loadClass('App\\Controllers\\User')
 4 SYSTEMPATH\CodeIgniter.php(887): class_exists('\\App\\Controllers\\User', true)
 5 SYSTEMPATH\CodeIgniter.php(496): CodeIgniter\CodeIgniter->startController()
 6 SYSTEMPATH\CodeIgniter.php(355): CodeIgniter\CodeIgniter->handleRequest(null, Object(Config\Cache), false)
 7 SYSTEMPATH\Boot.php(325): CodeIgniter\CodeIgniter->run()
 8 SYSTEMPATH\Boot.php(67): CodeIgniter\Boot::runCodeIgniter(Object(CodeIgniter\CodeIgniter))
 9 FCPATH\index.php(56): CodeIgniter\Boot::bootWeb(Object(Config\Paths))
CRITICAL - 2024-12-09 15:52:05 --> ParseError: syntax error, unexpected token "public", expecting end of file
[Method: GET, Route: login]
in APPPATH\Controllers\User.php on line 173.
 1 SYSTEMPATH\Autoloader\Autoloader.php(296): CodeIgniter\Autoloader\Autoloader->includeFile('C:\\xampp\\ISW-613-MyTrees2\\app\\Controllers\\User.php')
 2 SYSTEMPATH\Autoloader\Autoloader.php(272): CodeIgniter\Autoloader\Autoloader->loadInNamespace('App\\Controllers\\User')
 3 [internal function]: CodeIgniter\Autoloader\Autoloader->loadClass('App\\Controllers\\User')
 4 SYSTEMPATH\CodeIgniter.php(887): class_exists('\\App\\Controllers\\User', true)
 5 SYSTEMPATH\CodeIgniter.php(496): CodeIgniter\CodeIgniter->startController()
 6 SYSTEMPATH\CodeIgniter.php(355): CodeIgniter\CodeIgniter->handleRequest(null, Object(Config\Cache), false)
 7 SYSTEMPATH\Boot.php(325): CodeIgniter\CodeIgniter->run()
 8 SYSTEMPATH\Boot.php(67): CodeIgniter\Boot::runCodeIgniter(Object(CodeIgniter\CodeIgniter))
 9 FCPATH\index.php(56): CodeIgniter\Boot::bootWeb(Object(Config\Paths))
CRITICAL - 2024-12-09 15:52:07 --> ParseError: syntax error, unexpected token "public", expecting end of file
[Method: GET, Route: operatorhome]
in APPPATH\Controllers\User.php on line 173.
 1 SYSTEMPATH\Autoloader\Autoloader.php(296): CodeIgniter\Autoloader\Autoloader->includeFile('C:\\xampp\\ISW-613-MyTrees2\\app\\Controllers\\User.php')
 2 SYSTEMPATH\Autoloader\Autoloader.php(272): CodeIgniter\Autoloader\Autoloader->loadInNamespace('App\\Controllers\\User')
 3 [internal function]: CodeIgniter\Autoloader\Autoloader->loadClass('App\\Controllers\\User')
 4 SYSTEMPATH\CodeIgniter.php(887): class_exists('\\App\\Controllers\\User', true)
 5 SYSTEMPATH\CodeIgniter.php(496): CodeIgniter\CodeIgniter->startController()
 6 SYSTEMPATH\CodeIgniter.php(355): CodeIgniter\CodeIgniter->handleRequest(null, Object(Config\Cache), false)
 7 SYSTEMPATH\Boot.php(325): CodeIgniter\CodeIgniter->run()
 8 SYSTEMPATH\Boot.php(67): CodeIgniter\Boot::runCodeIgniter(Object(CodeIgniter\CodeIgniter))
 9 FCPATH\index.php(56): CodeIgniter\Boot::bootWeb(Object(Config\Paths))
CRITICAL - 2024-12-09 17:19:12 --> ErrorException: Type of Config\Filters::$filters must be array (as in class CodeIgniter\Config\Filters)
[Method: POST, Route: user/login]
in APPPATH\Config\Filters.php on line 16.
 1 [internal function]: CodeIgniter\Debug\Exceptions->shutdownHandler()
CRITICAL - 2024-12-09 17:22:17 --> ErrorException: Type of Config\Filters::$filters must be array (as in class CodeIgniter\Config\Filters)
[Method: GET, Route: login]
in APPPATH\Config\Filters.php on line 16.
 1 [internal function]: CodeIgniter\Debug\Exceptions->shutdownHandler()
CRITICAL - 2024-12-09 17:22:19 --> ErrorException: Type of Config\Filters::$filters must be array (as in class CodeIgniter\Config\Filters)
[Method: GET, Route: login]
in APPPATH\Config\Filters.php on line 16.
 1 [internal function]: CodeIgniter\Debug\Exceptions->shutdownHandler()
CRITICAL - 2024-12-09 17:25:02 --> ParseError: syntax error, unexpected token "public", expecting "]"
[Method: GET, Route: login]
in APPPATH\Config\Filters.php on line 56.
 1 SYSTEMPATH\Autoloader\Autoloader.php(296): CodeIgniter\Autoloader\Autoloader->includeFile('C:\\xampp\\ISW-613-MyTrees2\\app\\Config\\Filters.php')
 2 SYSTEMPATH\Autoloader\Autoloader.php(272): CodeIgniter\Autoloader\Autoloader->loadInNamespace('Config\\Filters')
 3 [internal function]: CodeIgniter\Autoloader\Autoloader->loadClass('Config\\Filters')
 4 SYSTEMPATH\Config\Factories.php(297): class_exists('Config\\Filters')
 5 SYSTEMPATH\Config\Factories.php(216): CodeIgniter\Config\Factories::locateClass([...], 'Config\\Filters')
 6 SYSTEMPATH\Config\Factories.php(159): CodeIgniter\Config\Factories::getDefinedInstance([...], 'Config\\Filters', [])
 7 SYSTEMPATH\Config\Factories.php(188): CodeIgniter\Config\Factories::__callStatic('config', [])
 8 SYSTEMPATH\Common.php(208): CodeIgniter\Config\Factories::get('config', 'Config\\Filters')
 9 SYSTEMPATH\Config\Services.php(295): config('Config\\Filters')
10 SYSTEMPATH\Config\BaseService.php(312): CodeIgniter\Config\Services::filters(null, false)
11 SYSTEMPATH\Config\BaseService.php(251): CodeIgniter\Config\BaseService::__callStatic('filters', [...])
12 SYSTEMPATH\Config\Services.php(292): CodeIgniter\Config\BaseService::getSharedInstance('filters', null)
13 SYSTEMPATH\Config\BaseService.php(321): CodeIgniter\Config\Services::filters()
14 SYSTEMPATH\CodeIgniter.php(346): CodeIgniter\Config\BaseService::__callStatic('filters', [])
15 SYSTEMPATH\Boot.php(325): CodeIgniter\CodeIgniter->run()
16 SYSTEMPATH\Boot.php(67): CodeIgniter\Boot::runCodeIgniter(Object(CodeIgniter\CodeIgniter))
17 FCPATH\index.php(56): CodeIgniter\Boot::bootWeb(Object(Config\Paths))
CRITICAL - 2024-12-09 17:35:57 --> CodeIgniter\Filters\Exceptions\FilterException: "auth" filter must have a matching alias defined.
[Method: GET, Route: admin/dashboard]
in SYSTEMPATH\Filters\Filters.php on line 495.
 1 SYSTEMPATH\Filters\Filters.php(495): CodeIgniter\Filters\Exceptions\FilterException::forNoAlias('auth')
 2 SYSTEMPATH\Filters\Filters.php(547): CodeIgniter\Filters\Filters->enableFilter('auth', 'before')
 3 SYSTEMPATH\CodeIgniter.php(469): CodeIgniter\Filters\Filters->enableFilters([...], 'before')
 4 SYSTEMPATH\CodeIgniter.php(355): CodeIgniter\CodeIgniter->handleRequest(null, Object(Config\Cache), false)
 5 SYSTEMPATH\Boot.php(325): CodeIgniter\CodeIgniter->run()
 6 SYSTEMPATH\Boot.php(67): CodeIgniter\Boot::runCodeIgniter(Object(CodeIgniter\CodeIgniter))
 7 FCPATH\index.php(56): CodeIgniter\Boot::bootWeb(Object(Config\Paths))
CRITICAL - 2024-12-09 18:03:56 --> Error: Class "App\Filters\AuthFilter" not found
[Method: GET, Route: admin/dashboard]
in SYSTEMPATH\Filters\Filters.php on line 197.
 1 SYSTEMPATH\Filters\Filters.php(184): CodeIgniter\Filters\Filters->runBefore([...])
 2 SYSTEMPATH\CodeIgniter.php(481): CodeIgniter\Filters\Filters->run('admin/dashboard', 'before')
 3 SYSTEMPATH\CodeIgniter.php(355): CodeIgniter\CodeIgniter->handleRequest(null, Object(Config\Cache), false)
 4 SYSTEMPATH\Boot.php(325): CodeIgniter\CodeIgniter->run()
 5 SYSTEMPATH\Boot.php(67): CodeIgniter\Boot::runCodeIgniter(Object(CodeIgniter\CodeIgniter))
 6 FCPATH\index.php(56): CodeIgniter\Boot::bootWeb(Object(Config\Paths))
CRITICAL - 2024-12-09 18:04:24 --> ErrorException: Class App\Filters\Auth contains 1 abstract method and must therefore be declared abstract or implement the remaining methods (CodeIgniter\Filters\FilterInterface::after)
[Method: GET, Route: admin/dashboard]
in APPPATH\Filters\Auth.php on line 8.
 1 [internal function]: CodeIgniter\Debug\Exceptions->shutdownHandler()
CRITICAL - 2024-12-09 18:06:54 --> ErrorException: Undefined array key "admin"
[Method: GET, Route: admin/dashboard]
in SYSTEMPATH\Filters\Filters.php on line 754.
 1 SYSTEMPATH\Filters\Filters.php(754): CodeIgniter\Debug\Exceptions->errorHandler(2, 'Undefined array key "admin"', 'C:\\xampp\\ISW-613-MyTrees2\\system\\Filters\\Filters.php', 754)
 2 SYSTEMPATH\Filters\Filters.php(697): CodeIgniter\Filters\Filters->registerArguments('admin', [])
 3 SYSTEMPATH\Filters\Filters.php(398): CodeIgniter\Filters\Filters->processFilters('admin/dashboard')
 4 SYSTEMPATH\Filters\Filters.php(181): CodeIgniter\Filters\Filters->initialize('admin/dashboard')
 5 SYSTEMPATH\CodeIgniter.php(481): CodeIgniter\Filters\Filters->run('admin/dashboard', 'before')
 6 SYSTEMPATH\CodeIgniter.php(355): CodeIgniter\CodeIgniter->handleRequest(null, Object(Config\Cache), false)
 7 SYSTEMPATH\Boot.php(325): CodeIgniter\CodeIgniter->run()
 8 SYSTEMPATH\Boot.php(67): CodeIgniter\Boot::runCodeIgniter(Object(CodeIgniter\CodeIgniter))
 9 FCPATH\index.php(56): CodeIgniter\Boot::bootWeb(Object(Config\Paths))
CRITICAL - 2024-12-09 18:08:21 --> ErrorException: Undefined array key "admin"
[Method: GET, Route: admin/dashboard]
in SYSTEMPATH\Filters\Filters.php on line 754.
 1 SYSTEMPATH\Filters\Filters.php(754): CodeIgniter\Debug\Exceptions->errorHandler(2, 'Undefined array key "admin"', 'C:\\xampp\\ISW-613-MyTrees2\\system\\Filters\\Filters.php', 754)
 2 SYSTEMPATH\Filters\Filters.php(697): CodeIgniter\Filters\Filters->registerArguments('admin', [])
 3 SYSTEMPATH\Filters\Filters.php(398): CodeIgniter\Filters\Filters->processFilters('admin/dashboard')
 4 SYSTEMPATH\Filters\Filters.php(181): CodeIgniter\Filters\Filters->initialize('admin/dashboard')
 5 SYSTEMPATH\CodeIgniter.php(481): CodeIgniter\Filters\Filters->run('admin/dashboard', 'before')
 6 SYSTEMPATH\CodeIgniter.php(355): CodeIgniter\CodeIgniter->handleRequest(null, Object(Config\Cache), false)
 7 SYSTEMPATH\Boot.php(325): CodeIgniter\CodeIgniter->run()
 8 SYSTEMPATH\Boot.php(67): CodeIgniter\Boot::runCodeIgniter(Object(CodeIgniter\CodeIgniter))
 9 FCPATH\index.php(56): CodeIgniter\Boot::bootWeb(Object(Config\Paths))
CRITICAL - 2024-12-09 18:58:45 --> ErrorException: Undefined variable $cartCount
[Method: GET, Route: managefriends]
in APPPATH\Views\shared\Navegation_friend.php on line 58.
 1 APPPATH\Views\shared\Navegation_friend.php(58): CodeIgniter\Debug\Exceptions->errorHandler(2, 'Undefined variable $cartCount', 'C:\\xampp\\ISW-613-MyTrees2\\app\\Views\\shared\\Navegation_friend.php', 58)
 2 SYSTEMPATH\View\View.php(234): include('C:\\xampp\\ISW-613-MyTrees2\\app\\Views\\shared\\Navegation_friend.php')
 3 SYSTEMPATH\View\View.php(237): CodeIgniter\View\View->CodeIgniter\View\{closure}()
 4 SYSTEMPATH\Common.php(1171): CodeIgniter\View\View->render('shared/navegation_friend', [], true)
 5 APPPATH\Controllers\User.php(658): view('shared/navegation_friend', [...])
 6 SYSTEMPATH\CodeIgniter.php(933): App\Controllers\User->indexManageFriends()
 7 SYSTEMPATH\CodeIgniter.php(509): CodeIgniter\CodeIgniter->runController(Object(App\Controllers\User))
 8 SYSTEMPATH\CodeIgniter.php(355): CodeIgniter\CodeIgniter->handleRequest(null, Object(Config\Cache), false)
 9 SYSTEMPATH\Boot.php(325): CodeIgniter\CodeIgniter->run()
10 SYSTEMPATH\Boot.php(67): CodeIgniter\Boot::runCodeIgniter(Object(CodeIgniter\CodeIgniter))
11 FCPATH\index.php(56): CodeIgniter\Boot::bootWeb(Object(Config\Paths))
CRITICAL - 2024-12-09 18:58:48 --> ErrorException: Undefined variable $cartCount
[Method: GET, Route: managefriends]
in APPPATH\Views\shared\Navegation_friend.php on line 58.
 1 APPPATH\Views\shared\Navegation_friend.php(58): CodeIgniter\Debug\Exceptions->errorHandler(2, 'Undefined variable $cartCount', 'C:\\xampp\\ISW-613-MyTrees2\\app\\Views\\shared\\Navegation_friend.php', 58)
 2 SYSTEMPATH\View\View.php(234): include('C:\\xampp\\ISW-613-MyTrees2\\app\\Views\\shared\\Navegation_friend.php')
 3 SYSTEMPATH\View\View.php(237): CodeIgniter\View\View->CodeIgniter\View\{closure}()
 4 SYSTEMPATH\Common.php(1171): CodeIgniter\View\View->render('shared/navegation_friend', [], true)
 5 APPPATH\Controllers\User.php(658): view('shared/navegation_friend', [...])
 6 SYSTEMPATH\CodeIgniter.php(933): App\Controllers\User->indexManageFriends()
 7 SYSTEMPATH\CodeIgniter.php(509): CodeIgniter\CodeIgniter->runController(Object(App\Controllers\User))
 8 SYSTEMPATH\CodeIgniter.php(355): CodeIgniter\CodeIgniter->handleRequest(null, Object(Config\Cache), false)
 9 SYSTEMPATH\Boot.php(325): CodeIgniter\CodeIgniter->run()
10 SYSTEMPATH\Boot.php(67): CodeIgniter\Boot::runCodeIgniter(Object(CodeIgniter\CodeIgniter))
11 FCPATH\index.php(56): CodeIgniter\Boot::bootWeb(Object(Config\Paths))
CRITICAL - 2024-12-09 19:00:46 --> ParseError: syntax error, unexpected token "=>", expecting ")"
[Method: GET, Route: managefriends]
in APPPATH\Controllers\User.php on line 664.
 1 SYSTEMPATH\Autoloader\Autoloader.php(296): CodeIgniter\Autoloader\Autoloader->includeFile('C:\\xampp\\ISW-613-MyTrees2\\app\\Controllers\\User.php')
 2 SYSTEMPATH\Autoloader\Autoloader.php(272): CodeIgniter\Autoloader\Autoloader->loadInNamespace('App\\Controllers\\User')
 3 [internal function]: CodeIgniter\Autoloader\Autoloader->loadClass('App\\Controllers\\User')
 4 SYSTEMPATH\CodeIgniter.php(887): class_exists('\\App\\Controllers\\User', true)
 5 SYSTEMPATH\CodeIgniter.php(496): CodeIgniter\CodeIgniter->startController()
 6 SYSTEMPATH\CodeIgniter.php(355): CodeIgniter\CodeIgniter->handleRequest(null, Object(Config\Cache), false)
 7 SYSTEMPATH\Boot.php(325): CodeIgniter\CodeIgniter->run()
 8 SYSTEMPATH\Boot.php(67): CodeIgniter\Boot::runCodeIgniter(Object(CodeIgniter\CodeIgniter))
 9 FCPATH\index.php(56): CodeIgniter\Boot::bootWeb(Object(Config\Paths))
CRITICAL - 2024-12-09 19:29:32 --> ParseError: syntax error, unexpected token ";"
[Method: GET, Route: admin/adduser]
in APPPATH\Controllers\Admin.php on line 678.
 1 SYSTEMPATH\Autoloader\Autoloader.php(296): CodeIgniter\Autoloader\Autoloader->includeFile('C:\\xampp\\ISW-613-MyTrees2\\app\\Controllers\\Admin.php')
 2 SYSTEMPATH\Autoloader\Autoloader.php(272): CodeIgniter\Autoloader\Autoloader->loadInNamespace('App\\Controllers\\Admin')
 3 [internal function]: CodeIgniter\Autoloader\Autoloader->loadClass('App\\Controllers\\Admin')
 4 SYSTEMPATH\CodeIgniter.php(887): class_exists('\\App\\Controllers\\Admin', true)
 5 SYSTEMPATH\CodeIgniter.php(496): CodeIgniter\CodeIgniter->startController()
 6 SYSTEMPATH\CodeIgniter.php(355): CodeIgniter\CodeIgniter->handleRequest(null, Object(Config\Cache), false)
 7 SYSTEMPATH\Boot.php(325): CodeIgniter\CodeIgniter->run()
 8 SYSTEMPATH\Boot.php(67): CodeIgniter\Boot::runCodeIgniter(Object(CodeIgniter\CodeIgniter))
 9 FCPATH\index.php(56): CodeIgniter\Boot::bootWeb(Object(Config\Paths))
CRITICAL - 2024-12-09 19:30:13 --> ErrorException: Undefined variable $username
[Method: GET, Route: admin/adduser]
in APPPATH\Controllers\Admin.php on line 670.
 1 APPPATH\Controllers\Admin.php(670): CodeIgniter\Debug\Exceptions->errorHandler(2, 'Undefined variable $username', 'C:\\xampp\\ISW-613-MyTrees2\\app\\Controllers\\Admin.php', 670)
 2 SYSTEMPATH\CodeIgniter.php(933): App\Controllers\Admin->indexAddUser()
 3 SYSTEMPATH\CodeIgniter.php(509): CodeIgniter\CodeIgniter->runController(Object(App\Controllers\Admin))
 4 SYSTEMPATH\CodeIgniter.php(355): CodeIgniter\CodeIgniter->handleRequest(null, Object(Config\Cache), false)
 5 SYSTEMPATH\Boot.php(325): CodeIgniter\CodeIgniter->run()
 6 SYSTEMPATH\Boot.php(67): CodeIgniter\Boot::runCodeIgniter(Object(CodeIgniter\CodeIgniter))
 7 FCPATH\index.php(56): CodeIgniter\Boot::bootWeb(Object(Config\Paths))
